History length: 248

Old (mains+supp): {
  drawsEvaluated: 247,
  meanExcluded: 6.510121457489879,
  meanExcludedRandom: 6.574736842105266,
  deltaMean: 0.06461538461538457,
  deltaPerDraw: [
     -1.4000000000000004,               -1.505,                0.625,
    -0.45999999999999996,  -0.4850000000000003,   1.6600000000000001,
    -0.34499999999999975,                  0.5,  -0.4400000000000004,
     -0.3700000000000001,               -1.415, -0.46999999999999975,
     -1.4349999999999996,  -0.3849999999999998,   0.6200000000000001,
     -0.5449999999999999,  -1.4500000000000002,                0.625,
     -0.4349999999999996,  -0.4299999999999997, -0.45500000000000007,
     -0.3650000000000002,   0.6050000000000004,  0.45500000000000007,
      0.5899999999999999, -0.27500000000000036,  -0.6349999999999998,
     -0.4500000000000002,  -0.3899999999999997,   0.6449999999999996,
     -0.5049999999999999, -0.41000000000000014,  -0.4349999999999996,
      0.7050000000000001,   0.5750000000000002,  -0.3849999999999998,
    -0.45500000000000007,   0.5049999999999999, -0.46999999999999975,
     -1.4100000000000001,   0.6299999999999999,   0.6600000000000001,
     -1.3250000000000002,   0.6100000000000003,   0.5750000000000002,
      0.5800000000000001,   0.3949999999999996,  -0.4400000000000004,
      0.6600000000000001,  -1.3099999999999996,               -0.375,
     -1.4249999999999998,   1.5549999999999997,   0.6299999999999999,
      0.4299999999999997,  -0.3650000000000002,   0.6349999999999998,
     -0.3650000000000002,   0.5300000000000002,  -0.4299999999999997,
     -0.3849999999999998,  -0.4249999999999998,   1.4900000000000002,
    -0.34999999999999964,   1.5099999999999998, -0.46499999999999986,
    -0.45999999999999996,  -1.3250000000000002,   0.5750000000000002,
      0.5049999999999999,   1.6100000000000003,   1.5599999999999996,
                  -1.415,  -1.4749999999999996,   0.6699999999999999,
     -0.4500000000000002,   0.5199999999999996,                0.625,
      0.6100000000000003,  0.46999999999999975,   0.5949999999999998,
     -0.4500000000000002,  -0.3600000000000003,   0.6349999999999998,
      0.6699999999999999, -0.46499999999999986,                -1.37,
    -0.33999999999999986,   1.5650000000000004,   0.5549999999999997,
     -0.4249999999999998,  -1.4500000000000002,   0.6100000000000003,
     -0.4800000000000004,                 -0.5, -0.34999999999999964,
      1.5899999999999999,   0.5049999999999999,  -0.5549999999999997,
     -0.5499999999999998,
    ... 147 more items
  ],
  bootstrapCI: [ -0.0685829959514171, 0.177753036437247 ]
}

New (mains-only): {
  drawsEvaluated: 247,
  meanExcluded: 6.886639676113361,
  meanExcludedRandom: 6.928137651821866,
  deltaMean: 0.04149797570850202,
  deltaPerDraw: [
      -1.0199999999999996,                -1.13, -0.025000000000000355,
     -0.11000000000000032, -0.09499999999999975,    0.9800000000000004,
                        0,   0.8200000000000003,  -0.03000000000000025,
    -0.040000000000000036,  -1.0650000000000004,   -1.1150000000000002,
      -1.0650000000000004, -0.10500000000000043,                 1.005,
     -0.16500000000000004,                -1.12,    0.9749999999999996,
     -0.08000000000000007, -0.08000000000000007,                -1.125,
    -0.009999999999999787,   0.9100000000000001,  -0.20999999999999996,
    -0.054999999999999716,  0.01499999999999968,  -0.19500000000000028,
     -0.15000000000000036,   0.9550000000000001,  0.004999999999999893,
     -0.09999999999999964, -0.06500000000000039,   -1.0499999999999998,
                     2.08, -0.07000000000000028,  -0.04499999999999993,
      -1.0899999999999999,  -0.1299999999999999,    0.9400000000000004,
      -1.1100000000000003,   0.9699999999999998,  -0.01499999999999968,
                    -1.04,   0.9199999999999999,  -0.08000000000000007,
     -0.09999999999999964,  -0.1900000000000004,  -0.03000000000000025,
                     1.04,  -1.0199999999999996,                     0,
       0.9349999999999996,   1.8899999999999997,  -0.08499999999999996,
      -0.1900000000000004,                    0,  0.009999999999999787,
     0.040000000000000036,               -1.085,   -1.0750000000000002,
    -0.019999999999999574,  -1.0549999999999997,    0.9100000000000001,
      0.05999999999999961,   0.9000000000000004,    0.8700000000000001,
      -1.0999999999999996,  -0.9900000000000002,  -0.09499999999999975,
       0.8499999999999996, -0.01499999999999968,    2.9050000000000002,
                    -1.08,  -1.0750000000000002,   0.01499999999999968,
      -1.0549999999999997, -0.15000000000000036,   -0.9950000000000001,
      -0.9749999999999996, -0.19500000000000028,  -0.04999999999999982,
      -1.0599999999999996,                1.005,    1.9699999999999998,
     0.019999999999999574, -0.11000000000000032,                -1.005,
      0.06500000000000039,   0.9500000000000002,  -0.07500000000000018,
     -0.09499999999999975,  -1.1849999999999996, -0.040000000000000036,
      -1.1100000000000003, -0.16999999999999993,  -0.05999999999999961,
       0.9450000000000003,   0.8399999999999999,  -0.22499999999999964,
     -0.11500000000000021,
    ... 147 more items
  ],
  bootstrapCI: [ -0.060242914979757055, 0.15267206477732795 ]
}

Avg complement matches: old: 1.162 new: 0.842
Wrote mlnd_compare_results.csv
